<?xml version="1.0" encoding="UTF-8"?>
<!-- Generated by org.testng.reporters.JUnitReportReporter -->
<testsuite hostname="INAILABNMS26" failures="0" tests="1" name="package1.P2Test" time="0.011" errors="0" timestamp="11 Jan 2022 13:33:45 GMT" skipped="0">
  <testcase classname="package1.P2Test" name="testP2" time="0.011"/>
</testsuite> <!-- package1.P2Test -->
